1639982874668:help
1639982887442:search
1639982897104:search 3
1640009242922:help
1640009256432:clear
1640009258998:help
1640009273213:history
1640009283916:exit
1640010889552:help
1640165474342:view-all
1640262509912:help
1640262550690:delete-route Minck Deli
1640262560272:delete-route Minsk Deli
1640262573878:delete-route
1640262579053:delete-route 1
1640262591905:delete-route "Minck" "Deli"
1640262601268:delete-route 1 2
1640262873869:delete-route Minck Deli
1640262879041:help
1640263373433:add-route Moskva Habarovsk
1640263387647:delete-route Minck, Deli
1640263396991:delete-route(Minck,Deli)
1640263409455:delete-route Minsk
1640263418040:delete-route Minsk Deli
1640263651248:help
1640263790875:search Boing-777
1640269751478:view-all
1640269801115:help
1640269960760:stacktrace
1640270209614:view-all
1640270220050:stacktrace
1640270551578:view-all
1640270558920:stacktrace
1640270766133:view-all
1640270775646:stacktrace
1640271149427:view-all
1640630107831:stacktrace
1640685058565:view-all
1640685070131:stacktrace
1640685376573:view-all
1640703225227:view-search Boing-777
1640703232186:stacktrace
1640703244036:view-search
1640703262997:search Boing-777
1640703333373:view-all
1640703344699:search Boing-777
1640703418986:view-all
1640703435850:help
1640703469844:search-flight Boing-777 1
1640704327663:view-all
1640704548491:search Boing-777
1640704683184:help
1640704712228:add-flight Boing-777 2 2012-04-30T02:15:12.356Z 2012-04-30T02:15:12.356Z
1640704782049:add-flight Boing-777 2
1640704808581:add-flight Boing-777 2 23-04-2000 23-04-2000
1640704853971:delete Boing-777 1
1640704872254:delete-flight Boing-777 1
1640704879381:view-all
1641482724853:help
1641482735878:delete-route 5
1641482773449:delete-route Mexico Murmns
1641482786639:delete-route Mexico Murmans
1641482986333:delete-route Mexico Murmansk
1641483066511:help
1641483073970:delete-route 5
1641483149825:delete-route 0
1641483166199:help
1641483180605:add-route Moskva Berlin
1641483375584:help
1641483379555:view-all
1641483384142:help
1641483407280:search A300
1641483483446:search-flight Boing-777 1
1641483490702:help
1641483500324:search Boing-777
1641483567550:search Airbus A300
1641483591786:search Airbus A-300
1641483604737:search Airbus-300
1641483636478:help
1641483687458:update-flight Airbus-300 0
1641483710450:help
1641483732413:update-flight Boing-777 1
1641483814115:help
1641483845655:delete-flight 7
1641483878787:delete-flight Airbus-300 0
1641483889355:help
1641483908676:add-flight
1641483938816:add-flight Airbus-88 2 2013-04-30T06:15:12SAMT 2013-04-30T06:15:12SAMT
1641483950425:help
1641483952641:clear
1641483964344:help
1641483974851:add-route
1641483985106:add-route Moskva Piter
1641484577435:delete 5
1641484584418:delete-route 5
1641484648877:help
1641484662168:exit
1641486158771:help
1641486210105:search Boing-776
1641486245472:search Airbus A300
1641486249996:Airbus A300
1641486306336:search Airbus-300
1641486337397:search Airbus-330
1641486559963:рудз
1641486562176:help
1641486567510:view-all
